```json
{
  "schema_version": 1,
  "verdict": "BLOCK",
  "summary": "The diff only adds an execution metadata file and contains no code, test, or decisions-log changes, so none of the bead acceptance criteria can be verified as implemented.",
  "findings": [
    {
      "severity": "block",
      "summary": "No production code changes are present for the 8 unreachable symbols, so AC1 and AC3 are unimplemented or unevaluable from this diff.",
      "location": ".ddx/executions/20260507T003720-d43fa7ba/result.json:1"
    },
    {
      "severity": "block",
      "summary": "The required decisions log at `.ddx/executions/<run-id>/decisions.md` is not included, so AC5 is not satisfied.",
      "location": ".ddx/executions/20260507T003720-d43fa7ba/result.json:1"
    },
    {
      "severity": "block",
      "summary": "There is no evidence of test execution output or related changes demonstrating `cd cli && go test ./...` passed, so AC4 cannot be verified.",
      "location": ".ddx/executions/20260507T003720-d43fa7ba/result.json:1"
    }
  ]
}
```