---
## Review: ddx-2ceb02fa iter 1

### Verdict: BLOCK

### AC Grades

| # | Item | Grade | Evidence |
|---|------|-------|----------|
| 1 | Session-index source of truth | BLOCK | — not found in diff |
| 2 | Single-call-site guarantee | BLOCK | — not found in diff |
| 3 | Visibility restored | BLOCK | — not found in diff |
| 4 | Body lazy-load | BLOCK | — not found in diff |
| 5 | Legacy migration | BLOCK | — not found in diff |
| 6 | Deprecated-file behavior | BLOCK | — not found in diff |
| 7 | Perf sanity | BLOCK | — not found in diff |
| 8 | UI note | BLOCK | — not found in diff |
| 9 | Playwright e2e | BLOCK | — not found in diff |

### Summary

The submitted diff contains only an execution evidence file and no implementation, migration, resolver, CLI, benchmark, or UI/test changes. None of the acceptance criteria can be verified from this diff.

### Findings

- Missing session index writer: no changes to `service.Execute`, shared execution wrappers, or agent execution paths to append `.ddx/agent-logs/sessions.index.jsonl`.
- Missing GraphQL changes: no update to `cli/internal/server/state_graphql.go` for index-backed `sessions` or lazy `session(id:)` body loading.
- Missing migration command: no `ddx agent log reindex` or equivalent CLI implementation and no fixture-based migration test.
- Missing CLI usage/status updates: no changes to `cli/cmd/agent_usage.go` or `cli/cmd/status.go` to stop reading legacy `sessions.jsonl`.
- Missing performance validation: no benchmark or fixture proving 10,000 index entries resolve within the required threshold.
- Missing UI gap/banner behavior and Playwright coverage for `/sessions`, lazy loading, migration, and live feed updates.