```json
{
  "schema_version": 1,
  "verdict": "BLOCK",
  "summary": "The diff only adds an execution metadata file and contains no code, tests, deadcode output, or decisions log changes needed to satisfy any acceptance criterion.",
  "findings": [
    {
      "severity": "block",
      "summary": "No implementation changes are present for the 5 `internal/exec` symbols, so there is no evidence that any symbol was wired into production reachability or deleted.",
      "location": ".ddx/executions/20260506T182403-bb67b65f/result.json:1"
    },
    {
      "severity": "block",
      "summary": "The required decisions log at `.ddx/executions/<run-id>/decisions.md` is not included, so the per-symbol WIRE|DELETE|PENDING decisions cannot be verified.",
      "location": ".ddx/executions/20260506T182403-bb67b65f/result.json:1"
    },
    {
      "severity": "block",
      "summary": "There is no evidence for the required verification steps: zero remaining dead symbols in `internal/exec` from deadcode RTA and a green `cd cli && go test ./...` run.",
      "location": ".ddx/executions/20260506T182403-bb67b65f/result.json:1"
    }
  ]
}
```