```json
{
  "schema_version": 1,
  "verdict": "BLOCK",
  "summary": "The diff only adds an execution metadata file and contains no code, tests, deadcode report, or decisions log changes, so none of the acceptance criteria can be verified as implemented.",
  "findings": [
    {
      "severity": "block",
      "summary": "No production code changes are present for any of the 16 `internal/persona` symbols, so there is no evidence they were wired into the call graph or deleted.",
      "location": ".ddx/executions/20260506T185747-9b0cb280/result.json:1"
    },
    {
      "severity": "block",
      "summary": "The required decisions log is not included in the diff; only `result.json` was added, so the per-symbol WIRE|DELETE|PENDING record cannot be reviewed.",
      "location": ".ddx/executions/20260506T185747-9b0cb280/result.json:1"
    },
    {
      "severity": "block",
      "summary": "There is no evidence for the required verification steps: zero remaining dead symbols in `internal/persona` and `cd cli && go test ./...` passing are not shown in the submitted changes.",
      "location": ".ddx/executions/20260506T185747-9b0cb280/result.json:1"
    }
  ]
}
```