---
## Review: ddx-0a33bc5f iter 1

### Verdict: BLOCK

### AC Grades

| # | Item | Grade | Evidence |
|---|------|-------|----------|
| 1 | Source change to sessions index | BLOCK | — not found in diff |
| 2 | Schema parity and nullable filters | BLOCK | — not found in diff |
| 3 | Fixture plus baseline recorded | BLOCK | — not found in diff |
| 4 | First-pass perf targets met | BLOCK | — not found in diff |
| 5 | DB-decision protocol | BLOCK | — not found in diff |
| 6 | Completeness test for non-bead sessions | BLOCK | — not found in diff |
| 7 | Freshness within 2s | BLOCK | — not found in diff |
| 8 | Playwright smoke | BLOCK | — not found in diff |
| 9 | Cross-reference dependency | BLOCK | — not found in diff |

### Summary

The reviewed commit only adds execution evidence under `.ddx/executions/20260423T043617-aa1b5d85/`, with `result.json` identifying the bead and result revision. It contains no resolver, schema, fixture, benchmark, test, Playwright, or bead tracker/note changes, so none of the acceptance criteria can be verified from this diff.

### Findings

- `cli/internal/server/graphql/resolver_feat008.go` is not changed; `EfficacyRows` is not shown reading `.ddx/agent-logs/sessions/sessions-YYYY-MM.jsonl`, and the old `efficacyFingerprint`, `buildEfficacySnapshot` event loop, `attemptsFromEvidence`, and `efficacyMemo` removals are absent.
- GraphQL schema/resolver argument changes for nullable `since`, `until`, and `projectId` are absent from the diff.
- No fixture or benchmark changes seed 10k+ session rows across 2+ shards or record baseline/perf results in bead notes.
- No tests are added or changed for non-bead sessions, freshness after session index writes, or old-path superset comparison.
- No Playwright smoke test for `/efficacy` is added or changed.
- No tracker or bead-note evidence records dependency on `ddx-2ceb02fa` or a DB-decision proposal.