```json
{
  "schema_version": 1,
  "verdict": "BLOCK",
  "summary": "The diff adds only execution artifacts under .ddx/executions and contains no FEAT document edits or audit-schema documentation, so none of the acceptance criteria can be verified from this change.",
  "findings": [
    {
      "severity": "block",
      "summary": "No updates are present to FEAT-008, FEAT-010, FEAT-019, or FEAT-021, so the required documentation changes for the new tab structure are not implemented in this diff.",
      "location": ".ddx/executions/20260507T005623-8646699f/result.json:1"
    },
    {
      "severity": "block",
      "summary": "No audit-event schema documentation is added; the diff contains only execution metadata and no spec content describing re-queue audit events.",
      "location": ".ddx/executions/20260507T005623-8646699f/manifest.json:1"
    },
    {
      "severity": "block",
      "summary": "Because the change set contains no documentation or verification output beyond execution artifacts, acceptance criterion 3 cannot be established from the submitted diff.",
      "location": ".ddx/executions/20260507T005623-8646699f/manifest.json:1"
    }
  ]
}
```