```json
{
  "schema_version": 1,
  "verdict": "BLOCK",
  "summary": "The change adds only execution artifacts under .ddx/executions and does not modify any FEAT spec documents or add audit-event schema documentation, so none of the acceptance criteria can be verified from this diff.",
  "findings": [
    {
      "severity": "block",
      "summary": "No updates to FEAT-008, FEAT-010, FEAT-019, or FEAT-021 are present; the diff contains only execution metadata artifacts.",
      "location": ".ddx/executions/20260507T011841-60b3b2a9/manifest.json:1"
    },
    {
      "severity": "block",
      "summary": "No audit-event schema documentation is added in this change, so the re-queue audit documentation acceptance item is unmet.",
      "location": ".ddx/executions/20260507T011841-60b3b2a9/result.json:1"
    },
    {
      "severity": "block",
      "summary": "There is no evidence in the diff of any documentation cleanup or audit-related repo changes needed to verify the doc-audit acceptance item.",
      "location": ".ddx/executions/20260507T011841-60b3b2a9/manifest.json:1"
    }
  ]
}
```