## Review: ddx-15f7ee0b iter 1

### Verdict: BLOCK

### AC Grades

| # | Item | Grade | Evidence |
|---|------|-------|----------|
| 1 | Fix A — test isolation enforced by CI | BLOCK | — not found in diff |
| 2 | Fix B — sweep recognizes test-dir pollution | BLOCK | — not found in diff |
| 3 | Fix C — pruning CLI | BLOCK | — not found in diff |
| 4 | Perf amplifier — regression test | BLOCK | — not found in diff |
| 5 | Backward compatibility | BLOCK | — not found in diff |
| 6 | Cross-reference | BLOCK | — not found in diff |

### Summary

The diff contains only an execution evidence file (`result.json`) recording that a prior attempt ran for ~30 minutes at $15 cost. No source code, tests, CLI commands, or sweep logic changes are present. None of the six acceptance criteria are addressed.

### Findings

- **AC 1 (Fix A):** No changes to any `*_test.go` files to isolate `ServerState` construction, and no lint test added.
- **AC 2 (Fix B):** No changes to `cli/internal/server/state.go` (`ServerState.migrate`) to add test-dir pattern matching or immediate-drop logic. No unit test with seeded fixture state.
- **AC 3 (Fix C):** No `ddx server state prune` command added in `cli/cmd/`. No backup/dry-run logic. No integration test.
- **AC 4 (Perf):** No regression test asserting `GetBeadSnapshots` skips tombstoned/filtered projects.
- **AC 5 (Compat):** No upgrade log message implemented.
- **AC 6 (Cross-ref):** No bead notes linking to `ddx-9ce6842a` or `ddx-2ceb02fa`.
- The `result.json` reports `"outcome": "task_succeeded"` but the merged commit `af88d432` (referenced as `result_rev`) had message "fix(server): drop phantom test-dir projects from state file" — the actual implementation may have been merged already but is not visible in this diff. The review diff only covers `034fbf8f`, which is the evidence commit, not the implementation commit.