---
## Review: ddx-ba7334e6 iter 1

### Verdict: BLOCK

### AC Grades

| # | Item | Grade | Evidence |
|---|------|-------|----------|
| 1 | `ddx sync` command runs canonical flow | BLOCK | — diff contains only execution evidence JSON, no command source |
| 2 | `ddx sync --watch [--interval=15m]` mode | BLOCK | — no implementation in diff |
| 3 | Allowlist enforcement test | BLOCK | — no test files in diff |
| 4 | No destructive git flags test | BLOCK | — no test files in diff |
| 5 | Structured exit codes for stash/push fail | BLOCK | — no implementation in diff |
| 6 | Doctor surfaces sync failure | BLOCK | — no doctor changes in diff |
| 7 | Cross-platform tests green on macOS/Linux | BLOCK | — no tests in diff |
| 8 | FEAT-NNN-sync.md spec under docs/helix | BLOCK | — no spec file in diff |

### Summary

The diff contains only `.ddx/executions/20260430T014806-69daebee/manifest.json` and `result.json` — execution-bookkeeping artifacts, not implementation. No CLI command, no tests, no spec, no doctor wiring. The prior iteration was REQUEST_CHANGES for missing the FEAT spec; this iteration appears to have produced no code at all under review.

### Findings

- No `cli/cmd/sync*.go` or `cli/internal/sync/` code added — entire feature missing from diff.
- No `docs/helix/01-frame/features/FEAT-*-sync.md` spec added (AC8 explicit gap from prior iteration still unaddressed).
- No tests under `cli/cmd/` or elsewhere covering allowlist, no-destructive-flags, stash-pop conflict, double-push fail, or doctor integration.
- No changes to `cli/cmd/doctor*.go` to surface sync failure timestamp/reason.
- The result.json claims `outcome: task_succeeded` at commit `9cbe9442`, but the diff under review (`b06d40ea`) is only the chore evidence commit; the actual implementation commit, if any, is not part of the reviewed diff. The reviewer should pull `9cbe9442` to confirm — but as presented, nothing is evaluable.