```json
{
  "schema_version": 1,
  "verdict": "BLOCK",
  "summary": "The diff only adds an execution artifact result file and contains no code, tests, or cleanup/resource-handling changes, so none of the acceptance criteria can be verified as implemented.",
  "findings": [
    {
      "severity": "block",
      "summary": "No end-to-end tests were added for the required `ddx work`/`ddx try` resource-exhaustion and cleanup scenarios, so AC1-AC6 are unimplemented in the submitted diff.",
      "location": ".ddx/executions/20260507T001505-38837f5f/result.json:1"
    },
    {
      "severity": "block",
      "summary": "There is no evidence of the required test execution (`go test ./cmd/... ./internal/agent/... -run ...`) or any code changes that could make AC7 pass.",
      "location": ".ddx/executions/20260507T001505-38837f5f/result.json:1"
    },
    {
      "severity": "block",
      "summary": "There is no evidence that `lefthook run pre-commit` was addressed or that any implementation exists to satisfy the cleanup preservation/locking/jitter requirements in AC8 and AC5.",
      "location": ".ddx/executions/20260507T001505-38837f5f/result.json:1"
    }
  ]
}
```