```json
{
  "schema_version": 1,
  "verdict": "BLOCK",
  "summary": "The diff only adds execution artifacts under .ddx and contains no implementation or test changes, so none of the bead acceptance criteria can be verified as implemented.",
  "findings": [
    {
      "severity": "block",
      "summary": "No source-code changes are present for execution-hint parsing, smart-justification extraction, or durable route-pin linting, so AC1-3 and AC6 are not implemented in this diff.",
      "location": ".ddx/executions/20260506T210004-db8d7e99/manifest.json:1"
    },
    {
      "severity": "block",
      "summary": "No changes are shown for try/work evidence recording or agent metrics projection, so AC4-5 cannot be satisfied or evaluated from this diff.",
      "location": ".ddx/executions/20260506T210004-db8d7e99/result.json:1"
    },
    {
      "severity": "block",
      "summary": "The required verification evidence is missing: no test files or command outputs are included to demonstrate the listed Go test targets or pre-commit checks passed for AC7-8.",
      "location": ".ddx/executions/20260506T210004-db8d7e99/checks/production-reachability.json:1"
    }
  ]
}
```