```json
{
  "schema_version": 1,
  "verdict": "BLOCK",
  "summary": "The diff only adds an execution metadata file. It contains no code, no decisions log, and no test or deadcode evidence, so none of the acceptance criteria can be verified as implemented.",
  "findings": [
    {
      "severity": "block",
      "summary": "No production code changes are present for any of the 5 cited symbols, so there is no evidence they were wired into the call graph or deleted.",
      "location": ".ddx/executions/20260506T184925-7d5fcfcf/result.json:1"
    },
    {
      "severity": "block",
      "summary": "The required decisions log at `.ddx/executions/<run-id>/decisions.md` is not included, so the per-symbol WIRE/DELETE/PENDING outcomes are missing.",
      "location": ".ddx/executions/20260506T184925-7d5fcfcf/result.json:17"
    },
    {
      "severity": "block",
      "summary": "There is no deadcode or `go test ./...` output, nor any related source/test edits, so AC3 and AC4 are not satisfied or reviewable from this diff.",
      "location": ".ddx/executions/20260506T184925-7d5fcfcf/result.json:1"
    }
  ]
}
```