```json
{
  "schema_version": 1,
  "verdict": "BLOCK",
  "summary": "The diff only adds an execution result artifact and makes no documentation changes, so none of the requested doc-boundary acceptance criteria are implemented or evaluable.",
  "findings": [
    {
      "severity": "block",
      "summary": "No changes were made to FEAT-006, so the required explicit pass-through/marshalling boundary for Fizeau transcript events is not implemented in this bead attempt.",
      "location": "docs/helix/01-frame/features/FEAT-006-agent-service.md"
    },
    {
      "severity": "block",
      "summary": "No changes were made to FEAT-002, so the distinction between DDx worker lifecycle events and opaque forwarded Fizeau agent events was not implemented.",
      "location": "docs/helix/01-frame/features/FEAT-002-server.md"
    },
    {
      "severity": "block",
      "summary": "The only file added is an execution artifact result.json; this does not address the documentation acceptance criteria or demonstrate that statements about DDx rendering inner Fizeau session logs were removed.",
      "location": ".ddx/executions/20260506T182018-b82879d1/result.json:1"
    }
  ]
}
```